# JRE version: Java(TM) SE Runtime Environment (8.0_131-b11) (build 1.8.0_131-b11)
# Java VM: Java HotSpot(TM) 64-Bit Server VM (25.131-b11 mixed mode windows-amd64 compressed oops)
Heap:
 PSYoungGen      total 222208K, used 133505K [0x000000076b180000, 0x000000077e600000, 0x00000007c0000000)
  eden space 210432K, 63% used [0x000000076b180000,0x00000007733e0540,0x0000000777f00000)
  from space 11776K, 0% used [0x0000000777f00000,0x0000000777f00000,0x0000000778a80000)
  to   space 20480K, 0% used [0x000000077d200000,0x000000077d200000,0x000000077e600000)
 ParOldGen       total 117760K, used 31270K [0x00000006c1400000, 0x00000006c8700000, 0x000000076b180000)
  object space 117760K, 26% used [0x00000006c1400000,0x00000006c3289bd8,0x00000006c8700000)
 Metaspace       used 59643K, capacity 64234K, committed 64424K, reserved 1105920K
  class space    used 7936K, capacity 8771K, committed 8880K, reserved 1048576K
GC Heap History (10 events):
Event: 8.273 GC heap before
{Heap before GC invocations=8 (full 2):
 PSYoungGen      total 222720K, used 6936K [0x000000076b180000, 0x000000077a100000, 0x00000007c0000000)
  eden space 210432K, 0% used [0x000000076b180000,0x000000076b180000,0x0000000777f00000)
  from space 12288K, 56% used [0x0000000778a80000,0x0000000779146300,0x0000000779680000)
  to   space 11776K, 0% used [0x0000000777f00000,0x0000000777f00000,0x0000000778a80000)
 ParOldGen       total 82432K, used 5859K [0x00000006c1400000, 0x00000006c6480000, 0x000000076b180000)
  object space 82432K, 7% used [0x00000006c1400000,0x00000006c19b8c58,0x00000006c6480000)
 Metaspace       used 33248K, capacity 35422K, committed 35496K, reserved 1079296K
  class space    used 4371K, capacity 4765K, committed 4784K, reserved 1048576K
Event: 8.397 GC heap after
Heap after GC invocations=8 (full 2):
 PSYoungGen      total 222720K, used 0K [0x000000076b180000, 0x000000077a100000, 0x00000007c0000000)
  eden space 210432K, 0% used [0x000000076b180000,0x000000076b180000,0x0000000777f00000)
  from space 12288K, 0% used [0x0000000778a80000,0x0000000778a80000,0x0000000779680000)
  to   space 11776K, 0% used [0x0000000777f00000,0x0000000777f00000,0x0000000778a80000)
 ParOldGen       total 117760K, used 12077K [0x00000006c1400000, 0x00000006c8700000, 0x000000076b180000)
  object space 117760K, 10% used [0x00000006c1400000,0x00000006c1fcb530,0x00000006c8700000)
 Metaspace       used 33248K, capacity 35422K, committed 35496K, reserved 1079296K
  class space    used 4371K, capacity 4765K, committed 4784K, reserved 1048576K
}
Event: 11.998 GC heap before
{Heap before GC invocations=9 (full 2):
 PSYoungGen      total 222720K, used 210432K [0x000000076b180000, 0x000000077a100000, 0x00000007c0000000)
  eden space 210432K, 100% used [0x000000076b180000,0x0000000777f00000,0x0000000777f00000)
  from space 12288K, 0% used [0x0000000778a80000,0x0000000778a80000,0x0000000779680000)
  to   space 11776K, 0% used [0x0000000777f00000,0x0000000777f00000,0x0000000778a80000)
 ParOldGen       total 117760K, used 12077K [0x00000006c1400000, 0x00000006c8700000, 0x000000076b180000)
  object space 117760K, 10% used [0x00000006c1400000,0x00000006c1fcb530,0x00000006c8700000)
 Metaspace       used 44495K, capacity 47256K, committed 47400K, reserved 1089536K
  class space    used 5861K, capacity 6372K, committed 6448K, reserved 1048576K
Event: 12.043 GC heap after
Heap after GC invocations=9 (full 2):
 PSYoungGen      total 222208K, used 11769K [0x000000076b180000, 0x000000077a100000, 0x00000007c0000000)
  eden space 210432K, 0% used [0x000000076b180000,0x000000076b180000,0x0000000777f00000)
  from space 11776K, 99% used [0x0000000777f00000,0x0000000778a7e698,0x0000000778a80000)
  to   space 12288K, 0% used [0x0000000778a80000,0x0000000778a80000,0x0000000779680000)
 ParOldGen       total 117760K, used 14563K [0x00000006c1400000, 0x00000006c8700000, 0x000000076b180000)
  object space 117760K, 12% used [0x00000006c1400000,0x00000006c2238db8,0x00000006c8700000)
 Metaspace       used 44495K, capacity 47256K, committed 47400K, reserved 1089536K
  class space    used 5861K, capacity 6372K, committed 6448K, reserved 1048576K
}
Event: 15.029 GC heap before
{Heap before GC invocations=10 (full 2):
 PSYoungGen      total 222208K, used 222201K [0x000000076b180000, 0x000000077a100000, 0x00000007c0000000)
  eden space 210432K, 100% used [0x000000076b180000,0x0000000777f00000,0x0000000777f00000)
  from space 11776K, 99% used [0x0000000777f00000,0x0000000778a7e698,0x0000000778a80000)
  to   space 12288K, 0% used [0x0000000778a80000,0x0000000778a80000,0x0000000779680000)
 ParOldGen       total 117760K, used 14563K [0x00000006c1400000, 0x00000006c8700000, 0x000000076b180000)
  object space 117760K, 12% used [0x00000006c1400000,0x00000006c2238db8,0x00000006c8700000)
 Metaspace       used 48868K, capacity 52396K, committed 52648K, reserved 1095680K
  class space    used 6485K, capacity 7086K, committed 7088K, reserved 1048576K
Event: 15.056 GC heap after
Heap after GC invocations=10 (full 2):
 PSYoungGen      total 222720K, used 12277K [0x000000076b180000, 0x000000077a100000, 0x00000007c0000000)
  eden space 210432K, 0% used [0x000000076b180000,0x000000076b180000,0x0000000777f00000)
  from space 12288K, 99% used [0x0000000778a80000,0x000000077967d6b8,0x0000000779680000)
  to   space 11776K, 0% used [0x0000000777f00000,0x0000000777f00000,0x0000000778a80000)
 ParOldGen       total 117760K, used 18967K [0x00000006c1400000, 0x00000006c8700000, 0x000000076b180000)
  object space 117760K, 16% used [0x00000006c1400000,0x00000006c2685cd0,0x00000006c8700000)
 Metaspace       used 48868K, capacity 52396K, committed 52648K, reserved 1095680K
  class space    used 6485K, capacity 7086K, committed 7088K, reserved 1048576K
}
Event: 17.717 GC heap before
{Heap before GC invocations=11 (full 2):
 PSYoungGen      total 222720K, used 107855K [0x000000076b180000, 0x000000077a100000, 0x00000007c0000000)
  eden space 210432K, 45% used [0x000000076b180000,0x0000000770ed6670,0x0000000777f00000)
  from space 12288K, 99% used [0x0000000778a80000,0x000000077967d6b8,0x0000000779680000)
  to   space 11776K, 0% used [0x0000000777f00000,0x0000000777f00000,0x0000000778a80000)
 ParOldGen       total 117760K, used 18967K [0x00000006c1400000, 0x00000006c8700000, 0x000000076b180000)
  object space 117760K, 16% used [0x00000006c1400000,0x00000006c2685cd0,0x00000006c8700000)
 Metaspace       used 55298K, capacity 59078K, committed 59160K, reserved 1099776K
  class space    used 7354K, capacity 8081K, committed 8112K, reserved 1048576K
Event: 17.767 GC heap after
Heap after GC invocations=11 (full 2):
 PSYoungGen      total 222208K, used 11744K [0x000000076b180000, 0x000000077e600000, 0x00000007c0000000)
  eden space 210432K, 0% used [0x000000076b180000,0x000000076b180000,0x0000000777f00000)
  from space 11776K, 99% used [0x0000000777f00000,0x0000000778a78050,0x0000000778a80000)
  to   space 20480K, 0% used [0x000000077d200000,0x000000077d200000,0x000000077e600000)
 ParOldGen       total 117760K, used 27204K [0x00000006c1400000, 0x00000006c8700000, 0x000000076b180000)
  object space 117760K, 23% used [0x00000006c1400000,0x00000006c2e912e0,0x00000006c8700000)
 Metaspace       used 55298K, capacity 59078K, committed 59160K, reserved 1099776K
  class space    used 7354K, capacity 8081K, committed 8112K, reserved 1048576K
}
Event: 17.767 GC heap before
{Heap before GC invocations=12 (full 3):
 PSYoungGen      total 222208K, used 11744K [0x000000076b180000, 0x000000077e600000, 0x00000007c0000000)
  eden space 210432K, 0% used [0x000000076b180000,0x000000076b180000,0x0000000777f00000)
  from space 11776K, 99% used [0x0000000777f00000,0x0000000778a78050,0x0000000778a80000)
  to   space 20480K, 0% used [0x000000077d200000,0x000000077d200000,0x000000077e600000)
 ParOldGen       total 117760K, used 27204K [0x00000006c1400000, 0x00000006c8700000, 0x000000076b180000)
  object space 117760K, 23% used [0x00000006c1400000,0x00000006c2e912e0,0x00000006c8700000)
 Metaspace       used 55298K, capacity 59078K, committed 59160K, reserved 1099776K
  class space    used 7354K, capacity 8081K, committed 8112K, reserved 1048576K
Event: 18.138 GC heap after
Heap after GC invocations=12 (full 3):
 PSYoungGen      total 222208K, used 0K [0x000000076b180000, 0x000000077e600000, 0x00000007c0000000)
  eden space 210432K, 0% used [0x000000076b180000,0x000000076b180000,0x0000000777f00000)
  from space 11776K, 0% used [0x0000000777f00000,0x0000000777f00000,0x0000000778a80000)
  to   space 20480K, 0% used [0x000000077d200000,0x000000077d200000,0x000000077e600000)
 ParOldGen       total 117760K, used 31270K [0x00000006c1400000, 0x00000006c8700000, 0x000000076b180000)
  object space 117760K, 26% used [0x00000006c1400000,0x00000006c3289bd8,0x00000006c8700000)
 Metaspace       used 55298K, capacity 59078K, committed 59160K, reserved 1099776K
  class space    used 7354K, capacity 8081K, committed 8112K, reserved 1048576K
}

