# JRE version: Java(TM) SE Runtime Environment (8.0_131-b11) (build 1.8.0_131-b11)
# Java VM: Java HotSpot(TM) 64-Bit Server VM (25.131-b11 mixed mode windows-amd64 compressed oops)
Heap:
 PSYoungGen      total 217088K, used 71472K [0x000000076b180000, 0x0000000779e80000, 0x00000007c0000000)
  eden space 204800K, 28% used [0x000000076b180000,0x000000076eb4ede0,0x0000000777980000)
  from space 12288K, 99% used [0x0000000778580000,0x000000077917d408,0x0000000779180000)
  to   space 12288K, 0% used [0x0000000777980000,0x0000000777980000,0x0000000778580000)
 ParOldGen       total 120320K, used 32532K [0x00000006c1400000, 0x00000006c8980000, 0x000000076b180000)
  object space 120320K, 27% used [0x00000006c1400000,0x00000006c33c5160,0x00000006c8980000)
 Metaspace       used 69336K, capacity 74370K, committed 74536K, reserved 1114112K
  class space    used 9076K, capacity 10031K, committed 10032K, reserved 1048576K
GC Heap History (10 events):
Event: 13.773 GC heap before
{Heap before GC invocations=9 (full 2):
 PSYoungGen      total 217088K, used 204800K [0x000000076b180000, 0x0000000779e80000, 0x00000007c0000000)
  eden space 204800K, 100% used [0x000000076b180000,0x0000000777980000,0x0000000777980000)
  from space 12288K, 0% used [0x0000000778580000,0x0000000778580000,0x0000000779180000)
  to   space 12288K, 0% used [0x0000000777980000,0x0000000777980000,0x0000000778580000)
 ParOldGen       total 120320K, used 11993K [0x00000006c1400000, 0x00000006c8980000, 0x000000076b180000)
  object space 120320K, 9% used [0x00000006c1400000,0x00000006c1fb6640,0x00000006c8980000)
 Metaspace       used 44437K, capacity 47238K, committed 47400K, reserved 1089536K
  class space    used 5855K, capacity 6369K, committed 6448K, reserved 1048576K
Event: 13.820 GC heap after
Heap after GC invocations=9 (full 2):
 PSYoungGen      total 217088K, used 12270K [0x000000076b180000, 0x0000000779e80000, 0x00000007c0000000)
  eden space 204800K, 0% used [0x000000076b180000,0x000000076b180000,0x0000000777980000)
  from space 12288K, 99% used [0x0000000777980000,0x000000077857bbf0,0x0000000778580000)
  to   space 12288K, 0% used [0x0000000778580000,0x0000000778580000,0x0000000779180000)
 ParOldGen       total 120320K, used 13799K [0x00000006c1400000, 0x00000006c8980000, 0x000000076b180000)
  object space 120320K, 11% used [0x00000006c1400000,0x00000006c2179f08,0x00000006c8980000)
 Metaspace       used 44437K, capacity 47238K, committed 47400K, reserved 1089536K
  class space    used 5855K, capacity 6369K, committed 6448K, reserved 1048576K
}
Event: 17.212 GC heap before
{Heap before GC invocations=10 (full 2):
 PSYoungGen      total 217088K, used 217070K [0x000000076b180000, 0x0000000779e80000, 0x00000007c0000000)
  eden space 204800K, 100% used [0x000000076b180000,0x0000000777980000,0x0000000777980000)
  from space 12288K, 99% used [0x0000000777980000,0x000000077857bbf0,0x0000000778580000)
  to   space 12288K, 0% used [0x0000000778580000,0x0000000778580000,0x0000000779180000)
 ParOldGen       total 120320K, used 13799K [0x00000006c1400000, 0x00000006c8980000, 0x000000076b180000)
  object space 120320K, 11% used [0x00000006c1400000,0x00000006c2179f08,0x00000006c8980000)
 Metaspace       used 48512K, capacity 52048K, committed 52136K, reserved 1093632K
  class space    used 6421K, capacity 7016K, committed 7088K, reserved 1048576K
Event: 17.255 GC heap after
Heap after GC invocations=10 (full 2):
 PSYoungGen      total 217088K, used 12264K [0x000000076b180000, 0x0000000779e80000, 0x00000007c0000000)
  eden space 204800K, 0% used [0x000000076b180000,0x000000076b180000,0x0000000777980000)
  from space 12288K, 99% used [0x0000000778580000,0x000000077917a060,0x0000000779180000)
  to   space 12288K, 0% used [0x0000000777980000,0x0000000777980000,0x0000000778580000)
 ParOldGen       total 120320K, used 17611K [0x00000006c1400000, 0x00000006c8980000, 0x000000076b180000)
  object space 120320K, 14% used [0x00000006c1400000,0x00000006c2532fd8,0x00000006c8980000)
 Metaspace       used 48512K, capacity 52048K, committed 52136K, reserved 1093632K
  class space    used 6421K, capacity 7016K, committed 7088K, reserved 1048576K
}
Event: 20.206 GC heap before
{Heap before GC invocations=11 (full 2):
 PSYoungGen      total 217088K, used 114630K [0x000000076b180000, 0x0000000779e80000, 0x00000007c0000000)
  eden space 204800K, 49% used [0x000000076b180000,0x00000007715778a0,0x0000000777980000)
  from space 12288K, 99% used [0x0000000778580000,0x000000077917a060,0x0000000779180000)
  to   space 12288K, 0% used [0x0000000777980000,0x0000000777980000,0x0000000778580000)
 ParOldGen       total 120320K, used 17611K [0x00000006c1400000, 0x00000006c8980000, 0x000000076b180000)
  object space 120320K, 14% used [0x00000006c1400000,0x00000006c2532fd8,0x00000006c8980000)
 Metaspace       used 55271K, capacity 59078K, committed 59160K, reserved 1099776K
  class space    used 7344K, capacity 8081K, committed 8112K, reserved 1048576K
Event: 20.251 GC heap after
Heap after GC invocations=11 (full 2):
 PSYoungGen      total 217088K, used 12264K [0x000000076b180000, 0x0000000779e80000, 0x00000007c0000000)
  eden space 204800K, 0% used [0x000000076b180000,0x000000076b180000,0x0000000777980000)
  from space 12288K, 99% used [0x0000000777980000,0x000000077857a070,0x0000000778580000)
  to   space 12288K, 0% used [0x0000000778580000,0x0000000778580000,0x0000000779180000)
 ParOldGen       total 120320K, used 25851K [0x00000006c1400000, 0x00000006c8980000, 0x000000076b180000)
  object space 120320K, 21% used [0x00000006c1400000,0x00000006c2d3ed38,0x00000006c8980000)
 Metaspace       used 55271K, capacity 59078K, committed 59160K, reserved 1099776K
  class space    used 7344K, capacity 8081K, committed 8112K, reserved 1048576K
}
Event: 20.251 GC heap before
{Heap before GC invocations=12 (full 3):
 PSYoungGen      total 217088K, used 12264K [0x000000076b180000, 0x0000000779e80000, 0x00000007c0000000)
  eden space 204800K, 0% used [0x000000076b180000,0x000000076b180000,0x0000000777980000)
  from space 12288K, 99% used [0x0000000777980000,0x000000077857a070,0x0000000778580000)
  to   space 12288K, 0% used [0x0000000778580000,0x0000000778580000,0x0000000779180000)
 ParOldGen       total 120320K, used 25851K [0x00000006c1400000, 0x00000006c8980000, 0x000000076b180000)
  object space 120320K, 21% used [0x00000006c1400000,0x00000006c2d3ed38,0x00000006c8980000)
 Metaspace       used 55271K, capacity 59078K, committed 59160K, reserved 1099776K
  class space    used 7344K, capacity 8081K, committed 8112K, reserved 1048576K
Event: 20.567 GC heap after
Heap after GC invocations=12 (full 3):
 PSYoungGen      total 217088K, used 0K [0x000000076b180000, 0x0000000779e80000, 0x00000007c0000000)
  eden space 204800K, 0% used [0x000000076b180000,0x000000076b180000,0x0000000777980000)
  from space 12288K, 0% used [0x0000000777980000,0x0000000777980000,0x0000000778580000)
  to   space 12288K, 0% used [0x0000000778580000,0x0000000778580000,0x0000000779180000)
 ParOldGen       total 120320K, used 31580K [0x00000006c1400000, 0x00000006c8980000, 0x000000076b180000)
  object space 120320K, 26% used [0x00000006c1400000,0x00000006c32d7010,0x00000006c8980000)
 Metaspace       used 55271K, capacity 59078K, committed 59160K, reserved 1099776K
  class space    used 7344K, capacity 8081K, committed 8112K, reserved 1048576K
}
Event: 23.836 GC heap before
{Heap before GC invocations=13 (full 3):
 PSYoungGen      total 217088K, used 204800K [0x000000076b180000, 0x0000000779e80000, 0x00000007c0000000)
  eden space 204800K, 100% used [0x000000076b180000,0x0000000777980000,0x0000000777980000)
  from space 12288K, 0% used [0x0000000777980000,0x0000000777980000,0x0000000778580000)
  to   space 12288K, 0% used [0x0000000778580000,0x0000000778580000,0x0000000779180000)
 ParOldGen       total 120320K, used 31580K [0x00000006c1400000, 0x00000006c8980000, 0x000000076b180000)
  object space 120320K, 26% used [0x00000006c1400000,0x00000006c32d7010,0x00000006c8980000)
 Metaspace       used 64819K, capacity 69496K, committed 69544K, reserved 1110016K
  class space    used 8485K, capacity 9350K, committed 9392K, reserved 1048576K
Event: 23.855 GC heap after
Heap after GC invocations=13 (full 3):
 PSYoungGen      total 217088K, used 12277K [0x000000076b180000, 0x0000000779e80000, 0x00000007c0000000)
  eden space 204800K, 0% used [0x000000076b180000,0x000000076b180000,0x0000000777980000)
  from space 12288K, 99% used [0x0000000778580000,0x000000077917d408,0x0000000779180000)
  to   space 12288K, 0% used [0x0000000777980000,0x0000000777980000,0x0000000778580000)
 ParOldGen       total 120320K, used 32532K [0x00000006c1400000, 0x00000006c8980000, 0x000000076b180000)
  object space 120320K, 27% used [0x00000006c1400000,0x00000006c33c5160,0x00000006c8980000)
 Metaspace       used 64819K, capacity 69496K, committed 69544K, reserved 1110016K
  class space    used 8485K, capacity 9350K, committed 9392K, reserved 1048576K
}

